
14.08.97 09:33 M  Programm  --- Start of Session ---
14.08.97 09:34 M  Basis  --- End of session ---
14.08.97 09:34 M  Basis  --- Start of Session ---
14.08.97 09:35 M  Basis  --- End of session ---
14.08.97 09:35 M  Basis  --- Start of Session ---
14.08.97 09:52 M  Basis  --- Start of Session ---
14.08.97 10:00 M  Basis  --- Start of Session ---
14.08.97 10:05 M  Basis  --- Start of Session ---
14.08.97 10:40 M  Basis  --- Start of Session ---
14.08.97 11:30 W  j1  edited 
14.08.97 11:31 M  Programm  --- End of session ---
14.08.97 11:36 M  Programm  --- Start of Session ---
14.08.97 11:38 G    new:  Pooling
14.08.97 11:38 W    New word 
14.08.97 11:38 W    edited  / new name: Pool
14.08.97 11:40 W  Pool  edited  / new name: Pool@
14.08.97 11:40 W    New word 
14.08.97 11:40 W    edited  / new name: Pool!
0E.08.0 0B:0` M  Programm  --- End of session ---
14.08.97 11:41 M  Programm  --- Start of Session ---
14.08.97 11:42 W    New word 
14.08.97 11:42 W    edited  / new name: AddPool
14.08.97 11:43 W    New word 
14.08.97 11:43 W    edited  / new name: SetPool
14.08.97 11:48 M  Basis  --- End of session ---
14.08.97 11:49 M  Basis  --- Start of Session ---
14.08.97 11:50 W  AddPool  edited 
14.08.97 11:50 W  AddPool  edited 
14.08.97 11:51 W  AddPool  edited 
14.08.97 11:53 W  AddPool  edited 
14.08.97 11:55 W  AddPool  edited 
14.08.97 11:55 W  AddPool  edited  / new name: InsertPool
14.08.97 11:55 W  InsertPool  edited 
14.08.97 11:56 W  InsertPool  edited 
14.08.97 11:59 W  InsertPool  edited 
14.08.97 12:03 W  InsertPool  edited 
14.08.97 12:05 W  InsertPool  edited 
14.08.97 12:05 W  InsertPool  edited 
14.08.97 12:05 W    New word 
14.08.97 12:05 W    edited  / new name: FillPool
14.08.97 12:06 W  FillPool  edited 
14.08.97 12:07 W  FillPool  edited 
14.08.97 12:07 W  FillPool  edited 
14.08.97 12:08 W  FillPool  edited 
14.08.97 12:08 W  FillPool  edited 
14.08.97 12:08 W  FillPool  edited 
14.08.97 12:09 W  FillPool  edited 
14.08.97 12:09 W  FillPool  edited 
14.08.97 12:10 W  FillPool  edited 
14.08.97 12:10 W  InsertPool  edited 
14.08.97 12:10 W  FillPool  edited 
14.08.97 12:11 W  FillPool  edited 
14.08.97 12:11 W  FillPool  edited 
14.08.97 12:12 W  SetPool  edited 
14.08.97 12:15 W  InsertPool  edited 
14.08.97 12:16 W  InsertPool  edited 
14.08.97 12:16 W  FillPool  edited 
14.08.97 14:50 W  SetStart  inserted
14.08.97 14:50 W  SetStart  edited  / new name: pol
14.08.97 14:50 W  pol  deleted
14.08.97 15:41 W    New word 
14.08.97 15:41 W    edited  / new name: Class
14.08.97 16:19 M  Basis  --- End of session ---
14.08.97 16:22 M  Basis  --- Start of Session ---
14.08.97 16:22 W  Class  edited 
14.08.97 16:22 W  Class  deleted
14.08.97 16:23 W    New word 
14.08.97 16:23 W    edited  / no name
14.08.97 16:23 W    edited  / new name: Testu4
14.08.97 16:24 W  u2  edited 
14.08.97 16:24 W  u4  edited 
14.08.97 17:32 M  Basis  --- End of session ---